2009-12-30 19:34:26,460 - root - DEBUG - --- Start EPC---
2009-12-30 19:34:26,663 - EpcLogger - INFO - @DBC RobotPose recvd. len logged: 4
2009-12-30 19:34:26,671 - EpcLogger - INFO - @TS  ----- [Step 0 Start ] -----
2009-12-30 19:34:26,672 - EpcLogger - INFO - 	Task 1 stimuli 0.851958:
2009-12-30 19:34:26,672 - EpcLogger - INFO - 	Task 2 stimuli 0.661091:
2009-12-30 19:34:26,672 - EpcLogger - INFO - 	Task 3 stimuli 0.369045:
2009-12-30 19:34:26,672 - EpcLogger - INFO - 	 RandomWalk Stimuli: 0.484981
2009-12-30 19:34:26,673 - EpcLogger - INFO - 	 Select task 3 
2009-12-30 19:34:26,673 - EpcLogger - INFO - 	task 3 inc. sensitization:0.110000, timesDone:1
2009-12-30 19:34:28,674 - EpcLogger - INFO - @TS  ----- [Step 1 Start ] -----
2009-12-30 19:34:28,675 - EpcLogger - INFO - 	Task 1 stimuli 0.846320:
2009-12-30 19:34:28,675 - EpcLogger - INFO - 	Task 2 stimuli 0.653872:
2009-12-30 19:34:28,675 - EpcLogger - INFO - 	Task 3 stimuli 0.402014:
2009-12-30 19:34:28,676 - EpcLogger - INFO - 	 RandomWalk Stimuli: 0.053873
2009-12-30 19:34:28,676 - EpcLogger - INFO - 	 Select task 1 
2009-12-30 19:34:28,676 - EpcLogger - INFO - 	task 1 inc. sensitization:0.108400, timesDone:1
2009-12-30 19:34:29,642 - EpcLogger - INFO - @DBC RobotPose recvd. len logged: 4
2009-12-30 19:34:30,678 - EpcLogger - INFO - @TS  ----- [Step 2 Start ] -----
2009-12-30 19:34:30,679 - EpcLogger - INFO - 	Task 1 stimuli 0.878547:
2009-12-30 19:34:30,679 - EpcLogger - INFO - 	Task 2 stimuli 0.646532:
2009-12-30 19:34:30,680 - EpcLogger - INFO - 	Task 3 stimuli 0.396805:
2009-12-30 19:34:30,680 - EpcLogger - INFO - 	 RandomWalk Stimuli: 0.402431
2009-12-30 19:34:30,680 - EpcLogger - INFO - 	 Select task 3 
2009-12-30 19:34:30,681 - EpcLogger - INFO - 	task 3 inc. sensitization:0.118400, timesDone:2
2009-12-30 19:34:32,657 - EpcLogger - INFO - @DBC RobotPose recvd. len logged: 4
2009-12-30 19:34:32,683 - EpcLogger - INFO - @TS  ----- [Step 3 Start ] -----
2009-12-30 19:34:32,684 - EpcLogger - INFO - 	Task 1 stimuli 0.873853:
2009-12-30 19:34:32,684 - EpcLogger - INFO - 	Task 2 stimuli 0.639070:
2009-12-30 19:34:32,684 - EpcLogger - INFO - 	Task 3 stimuli 0.428929:
2009-12-30 19:34:32,684 - EpcLogger - INFO - 	 RandomWalk Stimuli: 0.722095
2009-12-30 19:34:32,684 - EpcLogger - INFO - 	 Select task 2 
2009-12-30 19:34:32,685 - EpcLogger - INFO - 	task 2 inc. sensitization:0.105200, timesDone:1
2009-12-30 19:34:34,687 - EpcLogger - INFO - @TS  ----- [Step 4 Start ] -----
2009-12-30 19:34:34,688 - EpcLogger - INFO - 	Task 1 stimuli 0.868990:
2009-12-30 19:34:34,688 - EpcLogger - INFO - 	Task 2 stimuli 0.683725:
2009-12-30 19:34:34,688 - EpcLogger - INFO - 	Task 3 stimuli 0.423858:
2009-12-30 19:34:34,689 - EpcLogger - INFO - 	 RandomWalk Stimuli: 0.886674
2009-12-30 19:34:34,689 - EpcLogger - INFO - 	 Select task 0 
2009-12-30 19:34:34,689 - EpcLogger - INFO - 	task 0 inc. sensitization:0.103600, timesDone:1
2009-12-30 19:34:35,668 - EpcLogger - INFO - @DBC RobotPose recvd. len logged: 4
2009-12-30 19:34:36,692 - EpcLogger - INFO - @TS  ----- [Step 5 Start ] -----
2009-12-30 19:34:36,693 - EpcLogger - INFO - 	Task 1 stimuli 0.863953:
2009-12-30 19:34:36,693 - EpcLogger - INFO - 	Task 2 stimuli 0.676894:
2009-12-30 19:34:36,693 - EpcLogger - INFO - 	Task 3 stimuli 0.418761:
2009-12-30 19:34:36,694 - EpcLogger - INFO - 	 RandomWalk Stimuli: 0.955898
2009-12-30 19:34:36,694 - EpcLogger - INFO - 	 Select task 0 
2009-12-30 19:34:36,695 - EpcLogger - INFO - 	task 0 inc. sensitization:0.113600, timesDone:2
2009-12-30 19:34:38,651 - EpcLogger - INFO - @DBC RobotPose recvd. len logged: 4
2009-12-30 19:34:38,696 - EpcLogger - INFO - @TS  ----- [Step 6 Start ] -----
2009-12-30 19:34:38,697 - EpcLogger - INFO - 	Task 1 stimuli 0.858737:
2009-12-30 19:34:38,697 - EpcLogger - INFO - 	Task 2 stimuli 0.669945:
2009-12-30 19:34:38,698 - EpcLogger - INFO - 	Task 3 stimuli 0.413638:
2009-12-30 19:34:38,698 - EpcLogger - INFO - 	 RandomWalk Stimuli: 0.983069
2009-12-30 19:34:38,698 - EpcLogger - INFO - 	 Select task 1 
2009-12-30 19:34:38,698 - EpcLogger - INFO - 	task 1 inc. sensitization:0.112000, timesDone:2
2009-12-30 19:34:40,700 - EpcLogger - INFO - @TS  ----- [Step 7 Start ] -----
2009-12-30 19:34:40,701 - EpcLogger - INFO - 	Task 1 stimuli 0.888518:
2009-12-30 19:34:40,702 - EpcLogger - INFO - 	Task 2 stimuli 0.662877:
2009-12-30 19:34:40,702 - EpcLogger - INFO - 	Task 3 stimuli 0.408488:
2009-12-30 19:34:40,702 - EpcLogger - INFO - 	 RandomWalk Stimuli: 0.993612
2009-12-30 19:34:40,702 - EpcLogger - INFO - 	 Select task 1 
2009-12-30 19:34:40,703 - EpcLogger - INFO - 	task 1 inc. sensitization:0.122000, timesDone:3
2009-12-30 19:34:41,670 - EpcLogger - INFO - @DBC RobotPose recvd. len logged: 4
2009-12-30 19:34:42,705 - EpcLogger - INFO - @TS  ----- [Step 8 Start ] -----
2009-12-30 19:34:42,706 - EpcLogger - INFO - 	Task 1 stimuli 0.912316:
2009-12-30 19:34:42,706 - EpcLogger - INFO - 	Task 2 stimuli 0.655688:
2009-12-30 19:34:42,706 - EpcLogger - INFO - 	Task 3 stimuli 0.403312:
2009-12-30 19:34:42,706 - EpcLogger - INFO - 	 RandomWalk Stimuli: 0.997611
2009-12-30 19:34:42,707 - EpcLogger - INFO - 	 Select task 1 
2009-12-30 19:34:42,707 - EpcLogger - INFO - 	task 1 inc. sensitization:0.132000, timesDone:4
2009-12-30 19:34:44,660 - EpcLogger - INFO - @DBC RobotPose recvd. len logged: 4
2009-12-30 19:34:44,709 - EpcLogger - INFO - @TS  ----- [Step 9 Start ] -----
2009-12-30 19:34:44,710 - EpcLogger - INFO - 	Task 1 stimuli 0.931219:
2009-12-30 19:34:44,710 - EpcLogger - INFO - 	Task 2 stimuli 0.648378:
2009-12-30 19:34:44,710 - EpcLogger - INFO - 	Task 3 stimuli 0.398110:
2009-12-30 19:34:44,710 - EpcLogger - INFO - 	 RandomWalk Stimuli: 0.999111
2009-12-30 19:34:44,710 - EpcLogger - INFO - 	 Select task 2 
2009-12-30 19:34:44,711 - EpcLogger - INFO - 	task 2 inc. sensitization:0.107200, timesDone:2
2009-12-30 19:34:46,711 - EpcLogger - INFO - @TS  ----- [Step 10 Start ] -----
2009-12-30 19:34:46,712 - EpcLogger - INFO - 	Task 1 stimuli 0.928483:
2009-12-30 19:34:46,713 - EpcLogger - INFO - 	Task 2 stimuli 0.692098:
2009-12-30 19:34:46,713 - EpcLogger - INFO - 	Task 3 stimuli 0.392882:
2009-12-30 19:34:46,713 - EpcLogger - INFO - 	 RandomWalk Stimuli: 0.999675
2009-12-30 19:34:46,714 - EpcLogger - INFO - 	 Select task 1 
2009-12-30 19:34:46,714 - EpcLogger - INFO - 	task 1 inc. sensitization:0.140400, timesDone:5
2009-12-30 19:34:47,680 - EpcLogger - INFO - @DBC RobotPose recvd. len logged: 4
2009-12-30 19:34:48,716 - EpcLogger - INFO - @TS  ----- [Step 11 Start ] -----
2009-12-30 19:34:48,718 - EpcLogger - INFO - 	Task 1 stimuli 0.944003:
2009-12-30 19:34:48,718 - EpcLogger - INFO - 	Task 2 stimuli 0.685414:
2009-12-30 19:34:48,718 - EpcLogger - INFO - 	Task 3 stimuli 0.387629:
2009-12-30 19:34:48,718 - EpcLogger - INFO - 	 RandomWalk Stimuli: 0.999881
2009-12-30 19:34:48,719 - EpcLogger - INFO - 	 Select task 0 
2009-12-30 19:34:48,719 - EpcLogger - INFO - 	task 0 inc. sensitization:0.115600, timesDone:3
2009-12-30 19:34:50,675 - EpcLogger - INFO - @DBC RobotPose recvd. len logged: 4
2009-12-30 19:34:50,722 - EpcLogger - INFO - @TS  ----- [Step 12 Start ] -----
2009-12-30 19:34:50,722 - EpcLogger - INFO - 	Task 1 stimuli 0.941760:
2009-12-30 19:34:50,722 - EpcLogger - INFO - 	Task 2 stimuli 0.678613:
2009-12-30 19:34:50,723 - EpcLogger - INFO - 	Task 3 stimuli 0.382350:
2009-12-30 19:34:50,723 - EpcLogger - INFO - 	 RandomWalk Stimuli: 0.999956
2009-12-30 19:34:50,723 - EpcLogger - INFO - 	 Select task 3 
2009-12-30 19:34:50,723 - EpcLogger - INFO - 	task 3 inc. sensitization:0.114000, timesDone:3
2009-12-30 19:34:52,726 - EpcLogger - INFO - @TS  ----- [Step 13 Start ] -----
2009-12-30 19:34:52,727 - EpcLogger - INFO - 	Task 1 stimuli 0.939431:
2009-12-30 19:34:52,727 - EpcLogger - INFO - 	Task 2 stimuli 0.671694:
2009-12-30 19:34:52,728 - EpcLogger - INFO - 	Task 3 stimuli 0.414921:
2009-12-30 19:34:52,728 - EpcLogger - INFO - 	 RandomWalk Stimuli: 0.999984
2009-12-30 19:34:52,728 - EpcLogger - INFO - 	 Select task 0 
2009-12-30 19:34:52,729 - EpcLogger - INFO - 	task 0 inc. sensitization:0.124000, timesDone:4
2009-12-30 19:34:53,681 - EpcLogger - INFO - @DBC RobotPose recvd. len logged: 4
2009-12-30 19:34:54,731 - EpcLogger - INFO - @TS  ----- [Step 14 Start ] -----
2009-12-30 19:34:54,732 - EpcLogger - INFO - 	Task 1 stimuli 0.937011:
2009-12-30 19:34:54,733 - EpcLogger - INFO - 	Task 2 stimuli 0.664655:
2009-12-30 19:34:54,733 - EpcLogger - INFO - 	Task 3 stimuli 0.409778:
2009-12-30 19:34:54,733 - EpcLogger - INFO - 	 RandomWalk Stimuli: 0.999994
2009-12-30 19:34:54,733 - EpcLogger - INFO - 	 Select task 1 
2009-12-30 19:34:54,734 - EpcLogger - INFO - 	task 1 inc. sensitization:0.145600, timesDone:6
2009-12-30 19:34:56,680 - EpcLogger - INFO - @DBC RobotPose recvd. len logged: 4
2009-12-30 19:34:56,736 - EpcLogger - INFO - @TS  ----- [Step 15 Start ] -----
2009-12-30 19:34:56,737 - EpcLogger - INFO - 	Task 1 stimuli 0.950727:
2009-12-30 19:34:56,737 - EpcLogger - INFO - 	Task 2 stimuli 0.657496:
2009-12-30 19:34:56,738 - EpcLogger - INFO - 	Task 3 stimuli 0.404608:
2009-12-30 19:34:56,738 - EpcLogger - INFO - 	 RandomWalk Stimuli: 0.999998
2009-12-30 19:34:56,738 - EpcLogger - INFO - 	 Select task 1 
2009-12-30 19:34:56,739 - EpcLogger - INFO - 	task 1 inc. sensitization:0.155600, timesDone:7
2009-12-30 19:34:58,741 - EpcLogger - INFO - @TS  ----- [Step 16 Start ] -----
2009-12-30 19:34:58,742 - EpcLogger - INFO - 	Task 1 stimuli 0.961516:
2009-12-30 19:34:58,743 - EpcLogger - INFO - 	Task 2 stimuli 0.650217:
2009-12-30 19:34:58,743 - EpcLogger - INFO - 	Task 3 stimuli 0.399413:
2009-12-30 19:34:58,743 - EpcLogger - INFO - 	 RandomWalk Stimuli: 0.999999
2009-12-30 19:34:58,743 - EpcLogger - INFO - 	 Select task 1 
2009-12-30 19:34:58,744 - EpcLogger - INFO - 	task 1 inc. sensitization:0.165600, timesDone:8
2009-12-30 19:34:59,682 - EpcLogger - INFO - @DBC RobotPose recvd. len logged: 4
2009-12-30 19:35:00,746 - EpcLogger - INFO - @TS  ----- [Step 17 Start ] -----
2009-12-30 19:35:00,747 - EpcLogger - INFO - 	Task 1 stimuli 0.969979:
2009-12-30 19:35:00,747 - EpcLogger - INFO - 	Task 2 stimuli 0.642816:
2009-12-30 19:35:00,747 - EpcLogger - INFO - 	Task 3 stimuli 0.394191:
2009-12-30 19:35:00,747 - EpcLogger - INFO - 	 RandomWalk Stimuli: 1.000000
2009-12-30 19:35:00,748 - EpcLogger - INFO - 	 Select task 3 
2009-12-30 19:35:00,748 - EpcLogger - INFO - 	task 3 inc. sensitization:0.117600, timesDone:4
2009-12-30 19:35:02,680 - EpcLogger - INFO - @DBC RobotPose recvd. len logged: 4
2009-12-30 19:35:02,750 - EpcLogger - INFO - @TS  ----- [Step 18 Start ] -----
2009-12-30 19:35:02,751 - EpcLogger - INFO - 	Task 1 stimuli 0.968760:
2009-12-30 19:35:02,752 - EpcLogger - INFO - 	Task 2 stimuli 0.635294:
2009-12-30 19:35:02,752 - EpcLogger - INFO - 	Task 3 stimuli 0.426397:
2009-12-30 19:35:02,752 - EpcLogger - INFO - 	 RandomWalk Stimuli: 1.000000
2009-12-30 19:35:02,753 - EpcLogger - INFO - 	 Select task 1 
2009-12-30 19:35:02,753 - EpcLogger - INFO - 	task 1 inc. sensitization:0.174000, timesDone:9
2009-12-30 19:35:04,756 - EpcLogger - INFO - @TS  ----- [Step 19 Start ] -----
2009-12-30 19:35:04,757 - EpcLogger - INFO - 	Task 1 stimuli 0.975650:
2009-12-30 19:35:04,757 - EpcLogger - INFO - 	Task 2 stimuli 0.627649:
2009-12-30 19:35:04,757 - EpcLogger - INFO - 	Task 3 stimuli 0.421313:
2009-12-30 19:35:04,757 - EpcLogger - INFO - 	 RandomWalk Stimuli: 1.000000
2009-12-30 19:35:04,758 - EpcLogger - INFO - 	 Select task 0 
2009-12-30 19:35:04,758 - EpcLogger - INFO - 	task 0 inc. sensitization:0.126000, timesDone:5
2009-12-30 19:35:05,702 - EpcLogger - INFO - @DBC RobotPose recvd. len logged: 4
2009-12-30 19:35:08,690 - EpcLogger - INFO - @DBC RobotPose recvd. len logged: 4
2009-12-30 19:35:11,680 - EpcLogger - INFO - @DBC RobotPose recvd. len logged: 4
2009-12-30 19:35:14,676 - EpcLogger - INFO - @DBC RobotPose recvd. len logged: 4
2009-12-30 19:35:17,680 - EpcLogger - INFO - @DBC RobotPose recvd. len logged: 4
2009-12-30 19:35:20,683 - EpcLogger - INFO - @DBC RobotPose recvd. len logged: 4
2009-12-30 19:35:23,686 - EpcLogger - INFO - @DBC RobotPose recvd. len logged: 4
